{
  "RSpec": {
    "coverage": {
      "/Users/stevenng/Projects/gc50/gencon_index/csv2solr": {
        "lines": [
          null,
          null,
          null,
          1,
          1,
          1,
          1,
          1,
          1,
          1,
          1,
          1,
          1,
          1,
          1,
          1,
          null,
          null,
          1,
          1,
          1,
          null,
          null,
          null,
          1,
          null,
          null,
          null,
          1,
          1,
          null,
          null,
          1,
          1,
          null,
          null,
          null,
          1,
          null,
          null,
          null,
          1,
          1,
          1,
          1,
          null,
          null,
          null,
          1,
          1,
          null,
          null,
          null,
          1,
          1,
          null,
          null,
          null,
          1
        ]
      },
      "/Users/stevenng/Projects/gc50/gencon_index/lib/harvest_csv.rb": {
        "lines": [
          null,
          null,
          1,
          1,
          1,
          1,
          1,
          1,
          1,
          1,
          1,
          1,
          null,
          null,
          1,
          1,
          5,
          5,
          47,
          47,
          null,
          47,
          103,
          null,
          null,
          null,
          null,
          5,
          5,
          5,
          5,
          5,
          5,
          null,
          null,
          5,
          null,
          null,
          1,
          2,
          null,
          1,
          null,
          null,
          1,
          null,
          null,
          null,
          1,
          1,
          1,
          1,
          null,
          1,
          null,
          1,
          1,
          1,
          2,
          2,
          2,
          2,
          2,
          null,
          2,
          null,
          null,
          2,
          null,
          2,
          null,
          null,
          null,
          1,
          null,
          null,
          2,
          2,
          2,
          2,
          2,
          39,
          39,
          39,
          39,
          39,
          null,
          null,
          2,
          2,
          2,
          null,
          null,
          1,
          5,
          5,
          168,
          null,
          47,
          null,
          null,
          null,
          null,
          5,
          null,
          null,
          1,
          2,
          2,
          2,
          2,
          7,
          null,
          null,
          2,
          38,
          null,
          null,
          2,
          2,
          null,
          null
        ]
      }
    },
    "timestamp": 1775165690
  }
}
